[2026-03-08T10:52:06+00:00][run.sh][INFO] Run log initialized: /home/dhy/PhD/results/log/run_exp3_th_biggrid_2d_20260308_105206_pid1180719.log
[2026-03-08T10:52:06+00:00][run.sh][INFO] Repo root  : /home/dhy/PhD/results
[2026-03-08T10:52:06+00:00][run.sh][INFO] Build type : Release
[2026-03-08T10:52:06+00:00][run.sh][INFO] Build dir  : /home/dhy/PhD/results/build/release
[2026-03-08T10:52:06+00:00][run.sh][INFO] Temp dir   : /home/dhy/PhD/results/run/temp/exp3_th_biggrid_2d
[2026-03-08T10:52:06+00:00][run.sh][INFO] Results dir: /home/dhy/PhD/results/results/raw/exp3_th_biggrid_2d
[2026-03-08T10:52:06+00:00][run.sh][INFO] Configuring CMake...
-- The CXX compiler identification is GNU 9.4.0
-- Detecting CXX compiler ABI info
-- Detecting CXX compiler ABI info - done
-- Check for working CXX compiler: /usr/bin/c++ - skipped
-- Detecting CXX compile features
-- Detecting CXX compile features - done
-- Performing Test CMAKE_HAVE_LIBC_PTHREAD
-- Performing Test CMAKE_HAVE_LIBC_PTHREAD - Failed
-- Looking for pthread_create in pthreads
-- Looking for pthread_create in pthreads - not found
-- Looking for pthread_create in pthread
-- Looking for pthread_create in pthread - found
-- Found Threads: TRUE
-- Configuring done (0.5s)
-- Generating done (0.0s)
-- Build files have been written to: /home/dhy/PhD/results/build/release
[2026-03-08T10:52:06+00:00][run.sh][INFO] Building... (JOBS=16)
[  2%] Building CXX object src/CMakeFiles/sjs.dir/baselines/baseline_factory_2d.cpp.o
[  4%] Building CXX object src/CMakeFiles/sjs.dir/baselines/baseline_names.cpp.o
[  6%] Building CXX object src/CMakeFiles/sjs.dir/baselines/ours/enum_sampling.cpp.o
[ 11%] Building CXX object src/CMakeFiles/sjs.dir/data/instantiations_2d.cpp.o
[ 11%] Building CXX object src/CMakeFiles/sjs.dir/core/instantiations_2d.cpp.o
[ 13%] Building CXX object src/CMakeFiles/sjs.dir/baselines/ours/sampling.cpp.o
[ 16%] Building CXX object src/CMakeFiles/sjs.dir/data/synthetic/generator_factory_2d.cpp.o
[ 20%] Building CXX object src/CMakeFiles/sjs.dir/geometry/instantiations_2d.cpp.o
[ 20%] Building CXX object src/CMakeFiles/sjs.dir/baselines/runners/instantiations_2d.cpp.o
[ 23%] Building CXX object src/CMakeFiles/sjs.dir/io/realdata_stub.cpp.o
[ 25%] Building CXX object src/CMakeFiles/sjs.dir/join/build_events_2d.cpp.o
[ 27%] Building CXX object src/CMakeFiles/sjs.dir/io/load_dataset_2d.cpp.o
[ 30%] Building CXX object src/CMakeFiles/sjs.dir/join/instantiations_2d.cpp.o
[ 32%] Building CXX object src/CMakeFiles/sjs.dir/join/oracle_2d.cpp.o
[ 34%] Building CXX object src/CMakeFiles/sjs.dir/data/synthetic/instantiations_2d.cpp.o
[ 37%] Building CXX object src/CMakeFiles/sjs.dir/io/write_results.cpp.o
[ 39%] Building CXX object src/CMakeFiles/sjs.dir/sampling/instantiations_2d.cpp.o
[ 41%] Building CXX object src/CMakeFiles/sjs.dir/sampling/quality_checks.cpp.o
[ 44%] Linking CXX static library libsjs.a
[ 44%] Built target sjs
[ 46%] Building CXX object CMakeFiles/sjs_sweep.dir/apps/sjs_sweep.cpp.o
[ 48%] Building CXX object CMakeFiles/sjs_verify.dir/apps/sjs_verify.cpp.o
[ 51%] Building CXX object tests/CMakeFiles/sjs_test_join_oracle.dir/test_join_oracle.cpp.o
[ 53%] Building CXX object tests/CMakeFiles/sjs_test_baselines_smoke.dir/test_baselines_smoke.cpp.o
[ 55%] Building CXX object CMakeFiles/sjs_run.dir/apps/sjs_run.cpp.o
[ 58%] Building CXX object tests/CMakeFiles/sjs_test_geometry.dir/test_geometry.cpp.o
[ 60%] Building CXX object tests/CMakeFiles/sjs_test_write_results.dir/test_write_results.cpp.o
[ 62%] Building CXX object CMakeFiles/sjs_gen_dataset.dir/apps/sjs_gen_dataset.cpp.o
[ 65%] Building CXX object tests/CMakeFiles/sjs_test_sampling_quality.dir/test_sampling_quality.cpp.o
[ 67%] Building CXX object tests/CMakeFiles/sjs_test_event_sweep.dir/test_event_sweep.cpp.o
[ 69%] Building CXX object tests/CMakeFiles/sjs_test_kary_indices.dir/test_kary_indices.cpp.o
[ 72%] Building CXX object tests/CMakeFiles/sjs_test_event_radix_sort.dir/test_event_radix_sort.cpp.o
[ 74%] Linking CXX executable sjs_test_geometry
[ 74%] Built target sjs_test_geometry
[ 76%] Linking CXX executable sjs_test_event_radix_sort
[ 79%] Linking CXX executable sjs_test_write_results
[ 79%] Built target sjs_test_event_radix_sort
[ 79%] Built target sjs_test_write_results
[ 81%] Linking CXX executable sjs_test_sampling_quality
[ 81%] Built target sjs_test_sampling_quality
[ 83%] Linking CXX executable sjs_test_event_sweep
[ 83%] Built target sjs_test_event_sweep
[ 86%] Linking CXX executable sjs_test_kary_indices
[ 88%] Linking CXX executable sjs_test_baselines_smoke
[ 90%] Linking CXX executable sjs_test_join_oracle
[ 90%] Built target sjs_test_kary_indices
[ 90%] Built target sjs_test_baselines_smoke
[ 90%] Built target sjs_test_join_oracle
[ 93%] Linking CXX executable sjs_gen_dataset
[ 93%] Built target sjs_gen_dataset
[ 95%] Linking CXX executable sjs_verify
[ 95%] Built target sjs_verify
[ 97%] Linking CXX executable sjs_run
[ 97%] Built target sjs_run
[100%] Linking CXX executable sjs_sweep
[100%] Built target sjs_sweep
[2026-03-08T10:52:14+00:00][run.sh][INFO] Using sjs_run: /home/dhy/PhD/results/build/release/sjs_run
[2026-03-08T10:52:14+00:00][run.sh][INFO] Host: nproc=128, mem~1008GB
[2026-03-08T10:52:14+00:00][run.sh][INFO] Parallelism: max=8 (A=8, B_small=2, B_large=1, C_small=3, C_large=1, D=8)
[2026-03-08T10:52:14+00:00][run.sh][INFO] Enum: cap=1200000000, precheck=1
[2026-03-08T10:52:14+00:00][run.sh][INFO] Run signature: 3974507463-844
[2026-03-08T10:52:14+00:00][run.sh][INFO] Rectgen presets under: /home/dhy/PhD/results/run/temp/exp3_th_biggrid_2d/rectgen_presets
[2026-03-08T10:52:14+00:00][run.sh][INFO]   F0 => /home/dhy/PhD/results/run/temp/exp3_th_biggrid_2d/rectgen_presets/alacarte_rectgen_F0.py
[2026-03-08T10:52:14+00:00][run.sh][INFO]   F1 => /home/dhy/PhD/results/run/temp/exp3_th_biggrid_2d/rectgen_presets/alacarte_rectgen_F1.py
[2026-03-08T10:52:14+00:00][run.sh][INFO] Generating task manifests...
[2026-03-08T10:52:15+00:00][run.sh][INFO] Task counts: A=54, B_small=12, B_large=6, C_small=12, C_large=9, D=6, D_shape=0 (total=99)
[2026-03-08T10:52:15+00:00][run.sh][INFO] Pre-generating datasets (unique count=23)...
[2026-03-08T10:52:15+00:00][run.sh][INFO] [dataset] Generating d2_F0_n1000000_a0p1_gs1 (fam=F0 N=1000000 alpha=0.1)
[2026-03-08T10:52:15+00:00][run.sh][INFO] [dataset] Generating d2_F1_n1000000_a0p1_gs1 (fam=F1 N=1000000 alpha=0.1)
[2026-03-08T10:52:16+00:00][run.sh][INFO] [dataset] Generating d2_F0_n1000000_a0p3_gs1 (fam=F0 N=1000000 alpha=0.3)
[2026-03-08T10:52:17+00:00][run.sh][INFO] [dataset] Generating d2_F1_n1000000_a0p3_gs1 (fam=F1 N=1000000 alpha=0.3)
[2026-03-08T10:52:18+00:00][run.sh][INFO] [dataset] Generating d2_F0_n1000000_a1_gs1 (fam=F0 N=1000000 alpha=1)
[2026-03-08T10:52:18+00:00][run.sh][INFO] [dataset] Generating d2_F1_n1000000_a1_gs1 (fam=F1 N=1000000 alpha=1)
[2026-03-08T10:52:19+00:00][run.sh][INFO] [dataset] Generating d2_F0_n1000000_a3_gs1 (fam=F0 N=1000000 alpha=3)
[2026-03-08T10:52:20+00:00][run.sh][INFO] [dataset] Generating d2_F1_n1000000_a3_gs1 (fam=F1 N=1000000 alpha=3)
[2026-03-08T10:52:21+00:00][run.sh][INFO] [dataset] Generating d2_F0_n1000000_a10_gs1 (fam=F0 N=1000000 alpha=10)
[2026-03-08T10:52:21+00:00][run.sh][INFO] [dataset] Generating d2_F1_n1000000_a10_gs1 (fam=F1 N=1000000 alpha=10)
[2026-03-08T10:52:22+00:00][run.sh][INFO] [dataset] Generating d2_F0_n1000000_a30_gs1 (fam=F0 N=1000000 alpha=30)
[2026-03-08T10:52:23+00:00][run.sh][INFO] [dataset] Generating d2_F1_n1000000_a30_gs1 (fam=F1 N=1000000 alpha=30)
[2026-03-08T10:52:24+00:00][run.sh][INFO] [dataset] Generating d2_F0_n1000000_a100_gs1 (fam=F0 N=1000000 alpha=100)
[2026-03-08T10:52:24+00:00][run.sh][INFO] [dataset] Generating d2_F1_n1000000_a100_gs1 (fam=F1 N=1000000 alpha=100)
[2026-03-08T10:52:25+00:00][run.sh][INFO] [dataset] Generating d2_F0_n1000000_a300_gs1 (fam=F0 N=1000000 alpha=300)
[2026-03-08T10:52:26+00:00][run.sh][INFO] [dataset] Generating d2_F1_n1000000_a300_gs1 (fam=F1 N=1000000 alpha=300)
[2026-03-08T10:52:27+00:00][run.sh][INFO] [dataset] Generating d2_F0_n1000000_a1000_gs1 (fam=F0 N=1000000 alpha=1000)
[2026-03-08T10:52:28+00:00][run.sh][INFO] [dataset] Generating d2_F1_n1000000_a1000_gs1 (fam=F1 N=1000000 alpha=1000)
[2026-03-08T10:52:29+00:00][run.sh][INFO] [dataset] Generating d2_F0_n100000_a100_gs1 (fam=F0 N=100000 alpha=100)
[2026-03-08T10:52:29+00:00][run.sh][INFO] [dataset] Generating d2_F0_n200000_a100_gs1 (fam=F0 N=200000 alpha=100)
[2026-03-08T10:52:30+00:00][run.sh][INFO] [dataset] Generating d2_F0_n500000_a100_gs1 (fam=F0 N=500000 alpha=100)
[2026-03-08T10:52:30+00:00][run.sh][INFO] [dataset] Generating d2_F0_n2000000_a100_gs1 (fam=F0 N=2000000 alpha=100)
[2026-03-08T10:52:31+00:00][run.sh][INFO] [dataset] Generating d2_F0_n5000000_a100_gs1 (fam=F0 N=5000000 alpha=100)
[2026-03-08T10:52:32+00:00][run.sh][INFO] All datasets are ready.
[2026-03-08T10:52:32+00:00][run.sh][INFO] Running tasks: tasks_A_alpha.tsv (attempt=0, parallel=8, force=0)
[2026-03-08T11:04:18+00:00][run.sh][INFO] A_alpha: all tasks done (OK or NR)
[2026-03-08T11:04:18+00:00][run.sh][INFO] Running tasks: tasks_B_N_small.tsv (attempt=0, parallel=2, force=0)
[2026-03-08T11:05:56+00:00][run.sh][INFO] B_N_small: all tasks done (OK or NR)
[2026-03-08T11:05:56+00:00][run.sh][INFO] Running tasks: tasks_B_N_large.tsv (attempt=0, parallel=1, force=0)
[2026-03-08T11:17:19+00:00][run.sh][INFO] B_N_large: all tasks done (OK or NR)
[2026-03-08T11:17:19+00:00][run.sh][INFO] Running tasks: tasks_C_t_small.tsv (attempt=0, parallel=3, force=0)
[2026-03-08T11:19:47+00:00][run.sh][INFO] C_t_small: all tasks done (OK or NR)
[2026-03-08T11:19:47+00:00][run.sh][INFO] Running tasks: tasks_C_t_large.tsv (attempt=0, parallel=1, force=0)
[2026-03-08T11:40:44+00:00][run.sh][INFO] C_t_large: all tasks done (OK or NR)
[2026-03-08T11:40:44+00:00][run.sh][INFO] Running tasks: tasks_D_family.tsv (attempt=0, parallel=8, force=0)
[2026-03-08T11:42:46+00:00][run.sh][INFO] D_family: all tasks done (OK or NR)
[summary] wrote: /home/dhy/PhD/results/run/temp/exp3_th_biggrid_2d/manifest/summary/summary_stats.csv
[summary] wrote: /home/dhy/PhD/results/run/temp/exp3_th_biggrid_2d/manifest/summary/summary_not_ok.csv
[2026-03-08T11:42:47+00:00][run.sh][INFO] Skipping dataset binaries in result snapshot (RESULT_COPY_DATASETS=0).
[2026-03-08T11:42:47+00:00][run.sh][INFO] PRUNE_TEMP_DATASETS=1: removing temporary dataset binaries under /home/dhy/PhD/results/run/temp/exp3_th_biggrid_2d/datasets
[2026-03-08T11:42:47+00:00][run.sh][INFO] Synced curated results to: /home/dhy/PhD/results/results/raw/exp3_th_biggrid_2d
[2026-03-08T11:42:47+00:00][run.sh][INFO] Space usage: temp datasets=788M, temp out=1.5M, temp task_logs=408K, temp dataset_logs=96K, result_total=4.0M
[2026-03-08T11:42:47+00:00][run.sh][INFO] Merged CSVs under: /home/dhy/PhD/results/results/raw/exp3_th_biggrid_2d/manifest/merged/
[2026-03-08T11:42:47+00:00][run.sh][INFO] Summary under    : /home/dhy/PhD/results/results/raw/exp3_th_biggrid_2d/manifest/summary/
[2026-03-08T11:42:47+00:00][run.sh][INFO] Root run log     : /home/dhy/PhD/results/log/run_exp3_th_biggrid_2d_20260308_105206_pid1180719.log
[2026-03-08T11:42:47+00:00][run.sh][INFO] All tasks completed (OK + NR).
